<?xml version="1.0" encoding="UTF-8" standalone="no"?>
<testsuite failures="0" name="cucumber.runtime.formatter.JUnitFormatter" skipped="0" tests="2" time="68.963275">
<testcase classname="Login functionality of freecrm" name="Succefull login in freecrm" time="43.414968">
<system-out><![CDATA[Given the user opens the browser............................................passed
Then user is in the freecrm website.........................................passed
When user enter the value as "sehkar" and "csksehkar1"......................passed
And clicks the submit button................................................passed
Then user goes into the homepage............................................passed
Then user clicks the logout button..........................................passed
Then user closes the browser................................................passed
]]></system-out>
</testcase>
<testcase classname="Deal data creation" name="Free CRM Create a new deal scenario" time="25.548307">
<system-out><![CDATA[Given user is already on Login Page.........................................passed
When title of login page is Free CRM........................................passed
Then user enters username and password......................................passed
Then user clicks on login button............................................passed
Then user is on home page...................................................passed
Then user moves to new deal page............................................passed
Then user enters deal details...............................................passed
Then Close the browser......................................................passed
]]></system-out>
</testcase>
</testsuite>
